2025-Nov-04 10:06:29.963961
Starting deployment of ihec-iq/msar-backend-11:deploy to localhost.
2025-Nov-04 10:06:30.174478
Preparing container with helper image: ghcr.io/coollabsio/coolify-helper:1.0.11.
2025-Nov-04 10:06:30.294199
[CMD]: docker stop --time=30 iok0gwc4k4go8okw0wsggsww
2025-Nov-04 10:06:30.294199
Error response from daemon: No such container: iok0gwc4k4go8okw0wsggsww
2025-Nov-04 10:06:30.401625
[CMD]: docker rm -f iok0gwc4k4go8okw0wsggsww
2025-Nov-04 10:06:30.401625
Error response from daemon: No such container: iok0gwc4k4go8okw0wsggsww
2025-Nov-04 10:06:30.551259
[CMD]: docker run -d --network coolify --name iok0gwc4k4go8okw0wsggsww  --rm -v /var/run/docker.sock:/var/run/docker.sock ghcr.io/coollabsio/coolify-helper:1.0.11
2025-Nov-04 10:06:30.551259
d093a2238b4e0a244829ae71274cf1e14f2c4262eadcddbbb1a6f7091986694b
2025-Nov-04 10:06:32.372464
[CMD]: docker exec iok0gwc4k4go8okw0wsggsww bash -c 'GIT_SSH_COMMAND="ssh -o ConnectTimeout=30 -p 22 -o Port=22 -o LogLevel=ERROR -o StrictHostKeyChecking=no -o UserKnownHostsFile=/dev/null" git ls-remote https://x-access-token:<REDACTED>@github.com/ihec-iq/msar-backend-11.git refs/heads/deploy'
2025-Nov-04 10:06:32.372464
0b9d876cad271fb9e8fe386ecd7d67cc98c3fb03	refs/heads/deploy
2025-Nov-04 10:06:32.511891
Image not found (wcs80wo0wsscg8c4gooc8w4o:0b9d876cad271fb9e8fe386ecd7d67cc98c3fb03). Building new image.
2025-Nov-04 10:06:32.742207
----------------------------------------
2025-Nov-04 10:06:32.751368
Importing ihec-iq/msar-backend-11:deploy (commit sha HEAD) to /artifacts/iok0gwc4k4go8okw0wsggsww.
2025-Nov-04 10:06:32.918141
[CMD]: docker exec iok0gwc4k4go8okw0wsggsww bash -c 'git clone --depth=1 --recurse-submodules --shallow-submodules -b 'deploy' 'https://x-access-token:<REDACTED>@github.com/ihec-iq/msar-backend-11.git' '/artifacts/iok0gwc4k4go8okw0wsggsww' && cd /artifacts/iok0gwc4k4go8okw0wsggsww && if [ -f .gitmodules ]; then git submodule sync && GIT_SSH_COMMAND="ssh -o StrictHostKeyChecking=no -o UserKnownHostsFile=/dev/null" git submodule update --init --recursive --depth=1; fi && cd /artifacts/iok0gwc4k4go8okw0wsggsww && GIT_SSH_COMMAND="ssh -o StrictHostKeyChecking=no -o UserKnownHostsFile=/dev/null" git lfs pull'
2025-Nov-04 10:06:32.918141
Cloning into '/artifacts/iok0gwc4k4go8okw0wsggsww'...
2025-Nov-04 10:06:34.027798
[CMD]: docker exec iok0gwc4k4go8okw0wsggsww bash -c 'cd /artifacts/iok0gwc4k4go8okw0wsggsww && git log -1 0b9d876cad271fb9e8fe386ecd7d67cc98c3fb03 --pretty=%B'
2025-Nov-04 10:06:34.027798
20251104 fix dump mysql
2025-Nov-04 10:06:34.212941
Generating nixpacks configuration with: nixpacks plan -f json --env NIXPACKS_PHP_FALLBACK_PATH=/index.php --env NIXPACKS_PHP_ROOT_DIR=/app/public --env SOURCE_COMMIT=0b9d876cad271fb9e8fe386ecd7d67cc98c3fb03 --env COOLIFY_URL=https://ihec.hlm.one --env COOLIFY_FQDN=ihec.hlm.one --env COOLIFY_BRANCH=deploy --env COOLIFY_RESOURCE_UUID=wcs80wo0wsscg8c4gooc8w4o --env COOLIFY_CONTAINER_NAME=wcs80wo0wsscg8c4gooc8w4o-100629203700 /artifacts/iok0gwc4k4go8okw0wsggsww
2025-Nov-04 10:06:34.421675
[CMD]: docker exec iok0gwc4k4go8okw0wsggsww bash -c 'nixpacks plan -f json --env NIXPACKS_PHP_FALLBACK_PATH=/index.php --env NIXPACKS_PHP_ROOT_DIR=/app/public --env SOURCE_COMMIT=0b9d876cad271fb9e8fe386ecd7d67cc98c3fb03 --env COOLIFY_URL=https://ihec.hlm.one --env COOLIFY_FQDN=ihec.hlm.one --env COOLIFY_BRANCH=deploy --env COOLIFY_RESOURCE_UUID=wcs80wo0wsscg8c4gooc8w4o --env COOLIFY_CONTAINER_NAME=wcs80wo0wsscg8c4gooc8w4o-100629203700 /artifacts/iok0gwc4k4go8okw0wsggsww'
2025-Nov-04 10:06:34.421675
{
2025-Nov-04 10:06:34.421675
"providers": [],
2025-Nov-04 10:06:34.421675
"buildImage": "ghcr.io/railwayapp/nixpacks:ubuntu-1745885067",
2025-Nov-04 10:06:34.421675
"variables": {
2025-Nov-04 10:06:34.421675
"COOLIFY_BRANCH": "deploy",
2025-Nov-04 10:06:34.421675
"COOLIFY_CONTAINER_NAME": "wcs80wo0wsscg8c4gooc8w4o-100629203700",
2025-Nov-04 10:06:34.421675
"COOLIFY_FQDN": "ihec.hlm.one",
2025-Nov-04 10:06:34.421675
"COOLIFY_RESOURCE_UUID": "wcs80wo0wsscg8c4gooc8w4o",
2025-Nov-04 10:06:34.421675
"COOLIFY_URL": "https://ihec.hlm.one",
2025-Nov-04 10:06:34.421675
"IS_LARAVEL": "yes",
2025-Nov-04 10:06:34.421675
"NIXPACKS_METADATA": "php",
2025-Nov-04 10:06:34.421675
"NIXPACKS_PHP_FALLBACK_PATH": "/index.php",
2025-Nov-04 10:06:34.421675
"NIXPACKS_PHP_ROOT_DIR": "/app/public",
2025-Nov-04 10:06:34.421675
"PORT": "80",
2025-Nov-04 10:06:34.421675
"SOURCE_COMMIT": "0b9d876cad271fb9e8fe386ecd7d67cc98c3fb03"
2025-Nov-04 10:06:34.421675
},
2025-Nov-04 10:06:34.421675
"staticAssets": {
2025-Nov-04 10:06:34.421675
"nginx.template.conf": "user www-data www-data;\nworker_processes 5;\ndaemon off;\n\nworker_rlimit_nofile 8192;\n\nevents {\n  worker_connections  4096;\n}\n\nhttp {\n    include    $!{nginx}/conf/mime.types;\n    index    index.html index.htm index.php;\n\n    default_type application/octet-stream;\n    log_format   main '$remote_addr - $remote_user [$time_local]  $status '\n        '\"$request\" $body_bytes_sent \"$http_referer\" '\n        '\"$http_user_agent\" \"$http_x_forwarded_for\"';\n    access_log /var/log/nginx-access.log;\n    error_log /var/log/nginx-error.log;\n    sendfile     on;\n    tcp_nopush   on;\n\n    server {\n        listen ${PORT};\n        listen [::]:${PORT};\n        server_name localhost;\n\n        root /app;\n\n        add_header X-Content-Type-Options \"nosniff\";\n        client_max_body_size 35M;\n        index index.php;\n        charset utf-8;\n\n        location / {\n            try_files $uri $uri/ /index.php?$query_string;\n        }\n\n        location = /favicon.ico { access_log off; log_not_found off; }\n        location = /robots.txt  { access_log off; log_not_found off; }\n\n        error_page 404 /index.php;\n\n        location ~ \\.php$ {\n            fastcgi_pass 127.0.0.1:9000;\n            fastcgi_param SCRIPT_FILENAME $realpath_root$fastcgi_script_name;\n            include $!{nginx}/conf/fastcgi_params;\n            include $!{nginx}/conf/fastcgi.conf;\n        }\n\n        location ~ /\\.(?!well-known).* {\n            deny all;\n        }\n    }\n}\n",
2025-Nov-04 10:06:34.421675
"php-fpm.conf": "[www]\nlisten = 127.0.0.1:9000\nuser = www-data\ngroup = www-data\nlisten.owner = www-data\nlisten.group = www-data\npm = dynamic\npm.max_children = 50\npm.min_spare_servers = 4\npm.max_spare_servers = 32\npm.start_servers = 18\nclear_env = no\nphp_admin_value[post_max_size] = 35M\nphp_admin_value[upload_max_filesize] = 30M\n",
2025-Nov-04 10:06:34.421675
"scripts/config/template.mjs": "import { readFile, writeFile } from \"fs/promises\";\nimport { getNixPath } from \"../util/nix.mjs\";\n\nconst replaceStr = input =>\n    input\n        // If statements\n        .replaceAll(/\\$if\\s*\\((\\w+)\\)\\s*\\(([^]*?)\\)\\s*else\\s*\\(([^]*?)\\)/gm,\n            (_all, condition, value, otherwise) =>\n                process.env[condition] ? replaceStr(value) : replaceStr(otherwise)\n        )\n        // Variables\n        .replaceAll(/\\${(\\w+)}/g,\n            (_all, name) => process.env[name]\n        )\n        // Nix paths\n        .replaceAll(/\\$!{(\\w+)}/g,\n            (_all, exe) => getNixPath(exe)\n        )\n\nexport async function compileTemplate(infile, outfile) {\n    await writeFile(outfile,\n        replaceStr(await readFile(infile, { encoding: 'utf8' })),\n        { encoding: 'utf8' })\n}\n",
2025-Nov-04 10:06:34.421675
"scripts/prestart.mjs": "#!/usr/bin/env node\nimport { compileTemplate } from \"./config/template.mjs\";\nimport { e } from \"./util/cmd.mjs\";\nimport { checkEnvErrors, isLaravel } from \"./util/laravel.mjs\";\nimport Logger from \"./util/logger.mjs\";\nimport { access, constants } from 'node:fs/promises'\n\nconst prestartLogger = new Logger('prestart');\nconst serverLogger = new Logger('server');\n\nif (process.argv.length != 4) {\n    prestartLogger.error(`Usage: ${process.argv[1]} <config-file> <output-file>`)\n    process.exit(1);\n}\n\nawait Promise.all([\n    isLaravel() ? checkEnvErrors('/app') : Promise.resolve(),\n    access('/app/storage', constants.R_OK)\n        .then(() => e('chmod -R ugo+rw /app/storage'))\n        .catch(() => {}),\n    compileTemplate(process.argv[2], process.argv[3])\n]).catch(err => prestartLogger.error(err));\n\nserverLogger.info(`Server starting on port ${process.env.PORT}`)\n",
2025-Nov-04 10:06:34.421675
"scripts/util/cmd.mjs": "import { execSync } from \"child_process\";\n\nexport const e = cmd => execSync(cmd).toString().replace('\\n', '');",
2025-Nov-04 10:06:34.421675
"scripts/util/laravel.mjs": "import Logger from \"./logger.mjs\"\nimport * as fs from 'node:fs/promises'\nimport * as path from 'node:path'\n\nconst variableHints = {\n    'APP_ENV': 'You should probably set this to `production`.'\n};\n\nconst logger = new Logger('laravel');\n\nexport const isLaravel = () => process.env['IS_LARAVEL'] != null;\n\nfunction checkVariable(name) {\n    if (!process.env[name]) {\n        let hint =\n            `Your app configuration references the ${name} environment variable, but it is not set.`\n            + (variableHints[name] ?? '');\n\n        logger.warn(hint);\n    }\n}\n\nexport async function checkEnvErrors(srcdir) {\n    const envRegex = /env\\([\"']([^,]*)[\"']\\)/g;\n    const configDir = path.join(srcdir, 'config');\n\n    const config =\n        (await Promise.all(\n            (await fs.readdir(configDir))\n                .filter(fileName => fileName.endsWith('.php'))\n                .map(fileName => fs.readFile(path.join(configDir, fileName)))\n        )).join('');\n\n    for (const match of config.matchAll(envRegex)) {\n        if (match[1] != 'APP_KEY') checkVariable(match[1]);\n    }\n\n    if (!process.env.APP_KEY) {\n        logger.warn('Your app key is not set! Please set a random 32-character string in your APP_KEY environment variable. This can be easily generated with `openssl rand -hex 16`.');\n    }\n}\n",
2025-Nov-04 10:06:34.421675
"scripts/util/logger.mjs": "export default class Logger {\n    /** @type string */\n    #tag;\n\n    /**\n    * @param {string} tag\n    */\n    constructor(tag) {\n        this.#tag = tag\n    }\n\n    #log(color, messageType, message, fn = console.log) {\n        fn(`\\x1b[${color}m[${this.#tag}:${messageType}]\\x1b[0m ${message}`)\n    }\n\n    info(message) {\n        this.#log(34, 'info', message)\n    }\n\n    warn(message) {\n        this.#log(35, 'warn', message, console.warn)\n    }\n\n    error(message) {\n        this.#log(31, 'error', message, console.error)\n    }\n}\n",
2025-Nov-04 10:06:34.421675
"scripts/util/nix.mjs": "import { e } from \"./cmd.mjs\";\n\nexport const getNixPath = (exe) => e(`nix-store -q ${e(`which ${exe}`)}`);\n",
2025-Nov-04 10:06:34.421675
"start.sh": "#!/bin/bash\nset -e\n\n# إعداد nginx\nnode /assets/scripts/prestart.mjs /assets/nginx.template.conf /etc/nginx.conf\n\n# بدء supervisor\nsupervisord -c /etc/supervisord.conf -n\n",
2025-Nov-04 10:06:34.421675
"supervisord.conf": "[unix_http_server]\nfile=/assets/supervisor.sock\n\n[supervisord]\nlogfile=/var/log/supervisord.log\nlogfile_maxbytes=50MB\nlogfile_backups=10\nloglevel=info\npidfile=/assets/supervisord.pid\nnodaemon=false\nsilent=false\nminfds=1024\nminprocs=200\n\n[rpcinterface:supervisor]\nsupervisor.rpcinterface_factory = supervisor.rpcinterface:make_main_rpcinterface\n\n[supervisorctl]\nserverurl=unix:///assets/supervisor.sock\n\n[include]\nfiles = /etc/supervisor/conf.d/*.conf\n",
2025-Nov-04 10:06:34.421675
"worker-laravel.conf": "[program:worker-laravel]\nprocess_name=%(program_name)s_%(process_num)02d\ncommand=bash -c 'exec php /app/artisan queue:work --sleep=3 --tries=3 --max-time=3600'\nautostart=true\nautorestart=true\nstopasgroup=true\nkillasgroup=true\nnumprocs=2\nstartsecs=0\nstopwaitsecs=3600\nstdout_logfile=/var/log/worker-laravel.log\nstderr_logfile=/var/log/worker-laravel.log\n",
2025-Nov-04 10:06:34.421675
"worker-nginx.conf": "[program:worker-nginx]\nprocess_name=%(program_name)s_%(process_num)02d\ncommand=nginx -c /etc/nginx.conf\nautostart=true\nautorestart=true\nstdout_logfile=/var/log/worker-nginx.log\nstderr_logfile=/var/log/worker-nginx.log\n",
2025-Nov-04 10:06:34.421675
"worker-phpfpm.conf": "[program:worker-phpfpm]\nprocess_name=%(program_name)s_%(process_num)02d\ncommand=php-fpm -y /assets/php-fpm.conf -F\nautostart=true\nautorestart=true\nstdout_logfile=/var/log/worker-phpfpm.log\nstderr_logfile=/var/log/worker-phpfpm.log\n"
2025-Nov-04 10:06:34.421675
},
2025-Nov-04 10:06:34.421675
"phases": {
2025-Nov-04 10:06:34.421675
"build": {
2025-Nov-04 10:06:34.421675
"dependsOn": [
2025-Nov-04 10:06:34.421675
"install"
2025-Nov-04 10:06:34.421675
],
2025-Nov-04 10:06:34.421675
"cmds": [
2025-Nov-04 10:06:34.421675
"mkdir -p /etc/supervisor/conf.d/",
2025-Nov-04 10:06:34.421675
"cp /assets/worker-*.conf /etc/supervisor/conf.d/",
2025-Nov-04 10:06:34.421675
"cp /assets/supervisord.conf /etc/supervisord.conf",
2025-Nov-04 10:06:34.421675
"chmod +x /assets/start.sh",
2025-Nov-04 10:06:34.421675
"composer --version",
2025-Nov-04 10:06:34.421675
"composer install --no-dev --optimize-autoloader",
2025-Nov-04 10:06:34.421675
"npm ci && npm run build"
2025-Nov-04 10:06:34.421675
]
2025-Nov-04 10:06:34.421675
},
2025-Nov-04 10:06:34.421675
"install": {
2025-Nov-04 10:06:34.421675
"dependsOn": [
2025-Nov-04 10:06:34.421675
"setup"
2025-Nov-04 10:06:34.421675
],
2025-Nov-04 10:06:34.421675
"cmds": [
2025-Nov-04 10:06:34.421675
"mkdir -p /var/log/nginx && mkdir -p /var/cache/nginx",
2025-Nov-04 10:06:34.421675
"composer install --ignore-platform-reqs",
2025-Nov-04 10:06:34.421675
"npm i"
2025-Nov-04 10:06:34.421675
]
2025-Nov-04 10:06:34.421675
},
2025-Nov-04 10:06:34.421675
"setup": {
2025-Nov-04 10:06:34.421675
"nixPkgs": [
2025-Nov-04 10:06:34.421675
"php82",
2025-Nov-04 10:06:34.421675
"php82Extensions.mbstring",
2025-Nov-04 10:06:34.421675
"php82Extensions.pdo",
2025-Nov-04 10:06:34.421675
"php82Extensions.pdo_mysql",
2025-Nov-04 10:06:34.421675
"php82Extensions.zip",
2025-Nov-04 10:06:34.421675
"mysql-client",
2025-Nov-04 10:06:34.421675
"composer",
2025-Nov-04 10:06:34.421675
"nodejs_20",
2025-Nov-04 10:06:34.421675
"python311Packages.supervisor"
2025-Nov-04 10:06:34.421675
],
2025-Nov-04 10:06:34.421675
"nixLibs": [
2025-Nov-04 10:06:34.421675
"libmysqlclient"
2025-Nov-04 10:06:34.421675
],
2025-Nov-04 10:06:34.421675
"nixOverlays": [
2025-Nov-04 10:06:34.421675
"https://github.com/railwayapp/nix-npm-overlay/archive/main.tar.gz"
2025-Nov-04 10:06:34.421675
],
2025-Nov-04 10:06:34.421675
"nixpkgsArchive": "e24b4c09e963677b1beea49d411cd315a024ad3a"
2025-Nov-04 10:06:34.421675
}
2025-Nov-04 10:06:34.421675
},
2025-Nov-04 10:06:34.421675
"start": {
2025-Nov-04 10:06:34.421675
"cmd": "/assets/start.sh"
2025-Nov-04 10:06:34.421675
}
2025-Nov-04 10:06:34.421675
}
2025-Nov-04 10:06:34.627051
[CMD]: docker exec iok0gwc4k4go8okw0wsggsww bash -c 'nixpacks detect /artifacts/iok0gwc4k4go8okw0wsggsww'
2025-Nov-04 10:06:34.627051
php
2025-Nov-04 10:06:34.638318
Found application type: php.
2025-Nov-04 10:06:34.645447
If you need further customization, please check the documentation of Nixpacks: https://nixpacks.com/docs/providers/php
2025-Nov-04 10:06:34.819693
Final Nixpacks plan: {
2025-Nov-04 10:06:34.819693
"providers": [],
2025-Nov-04 10:06:34.819693
"buildImage": "ghcr.io\/railwayapp\/nixpacks:ubuntu-1745885067",
2025-Nov-04 10:06:34.819693
"variables": {
2025-Nov-04 10:06:34.819693
"COOLIFY_BRANCH": "deploy",
2025-Nov-04 10:06:34.819693
"COOLIFY_CONTAINER_NAME": "wcs80wo0wsscg8c4gooc8w4o-100629203700",
2025-Nov-04 10:06:34.819693
"COOLIFY_FQDN": "ihec.hlm.one",
2025-Nov-04 10:06:34.819693
"COOLIFY_RESOURCE_UUID": "wcs80wo0wsscg8c4gooc8w4o",
2025-Nov-04 10:06:34.819693
"COOLIFY_URL": "https:\/\/ihec.hlm.one",
2025-Nov-04 10:06:34.819693
"IS_LARAVEL": "yes",
2025-Nov-04 10:06:34.819693
"NIXPACKS_METADATA": "php",
2025-Nov-04 10:06:34.819693
"NIXPACKS_PHP_FALLBACK_PATH": "\/index.php",
2025-Nov-04 10:06:34.819693
"NIXPACKS_PHP_ROOT_DIR": "\/app\/public",
2025-Nov-04 10:06:34.819693
"PORT": "80",
2025-Nov-04 10:06:34.819693
"SOURCE_COMMIT": "0b9d876cad271fb9e8fe386ecd7d67cc98c3fb03",
2025-Nov-04 10:06:34.819693
"APP_DEBUG": "false",
2025-Nov-04 10:06:34.819693
"APP_ENV": "local",
2025-Nov-04 10:06:34.819693
"APP_FAKER_LOCALE": "en_US",
2025-Nov-04 10:06:34.819693
"APP_FALLBACK_LOCALE": "en",
2025-Nov-04 10:06:34.819693
"APP_KEY": "base64:qCLtpkyDCouhUOV86Uj\/MQzEPsiWZu5D4\/4X5TPSL3A=",
2025-Nov-04 10:06:34.819693
"APP_LOCALE": "en",
2025-Nov-04 10:06:34.819693
"APP_MAINTENANCE_DRIVER": "file",
2025-Nov-04 10:06:34.819693
"APP_NAME": "MsarERP",
2025-Nov-04 10:06:34.819693
"APP_TIMEZONE": "Asia\/Baghdad",
2025-Nov-04 10:06:34.819693
"APP_URL": "https:\/\/ihec.hlm.one",
2025-Nov-04 10:06:34.819693
"AWS_ACCESS_KEY_ID": "",
2025-Nov-04 10:06:34.819693
"AWS_BUCKET": "",
2025-Nov-04 10:06:34.819693
"AWS_DEFAULT_REGION": "us-east-1",
2025-Nov-04 10:06:34.819693
"AWS_SECRET_ACCESS_KEY": "",
2025-Nov-04 10:06:34.819693
"AWS_USE_PATH_STYLE_ENDPOINT": "false",
2025-Nov-04 10:06:34.819693
"BCRYPT_ROUNDS": "12",
2025-Nov-04 10:06:34.819693
"BROADCAST_CONNECTION": "log",
2025-Nov-04 10:06:34.819693
"CACHE_PREFIX": "",
2025-Nov-04 10:06:34.819693
"CACHE_STORE": "database",
2025-Nov-04 10:06:34.819693
"DB_CONNECTION": "mysql",
2025-Nov-04 10:06:34.819693
"DB_DATABASE": "msar-test",
2025-Nov-04 10:06:34.819693
"DB_HOST": "r408gccw8ockswg8gcos48gw",
2025-Nov-04 10:06:34.819693
"DB_PASSWORD": "E5GglQmVFNp2Ku2UEDaVrbs96q4vRTaw7batrNjQwzEMMt1FjDTUO2rt4wnrsYn9",
2025-Nov-04 10:06:34.819693
"DB_PORT": "3306",
2025-Nov-04 10:06:34.819693
"DB_USERNAME": "root",
2025-Nov-04 10:06:34.819693
"FILESYSTEM_DISK": "local",
2025-Nov-04 10:06:34.819693
"GOOGLE_DRIVE_CLIENT_ID": "109553529594512233314",
2025-Nov-04 10:06:34.819693
"GOOGLE_DRIVE_CLIENT_SECRET": "",
2025-Nov-04 10:06:34.819693
"GOOGLE_DRIVE_FOLDER_ID": "1wJCaCXoyniJUwyPEQi9qQCunkOHJO2ON",
2025-Nov-04 10:06:34.819693
"GOOGLE_DRIVE_REFRESH_TOKEN": "",
2025-Nov-04 10:06:34.819693
"LOG_CHANNEL": "stack",
2025-Nov-04 10:06:34.819693
"LOG_DEPRECATIONS_CHANNEL": "null",
2025-Nov-04 10:06:34.819693
"LOG_LEVEL": "debug",
2025-Nov-04 10:06:34.819693
"LOG_STACK": "single",
2025-Nov-04 10:06:34.819693
"MAIL_ENCRYPTION": "null",
2025-Nov-04 10:06:34.819693
"MAIL_FROM_ADDRESS": "hello@example.com",
2025-Nov-04 10:06:34.819693
"MAIL_FROM_NAME": "${APP_NAME}",
2025-Nov-04 10:06:34.819693
"MAIL_HOST": "127.0.0.1",
2025-Nov-04 10:06:34.819693
"MAIL_MAILER": "log",
2025-Nov-04 10:06:34.819693
"MAIL_PASSWORD": "null",
2025-Nov-04 10:06:34.819693
"MAIL_PORT": "2525",
2025-Nov-04 10:06:34.819693
"MAIL_USERNAME": "null",
2025-Nov-04 10:06:34.819693
"MEMCACHED_HOST": "127.0.0.1",
2025-Nov-04 10:06:34.819693
"QUEUE_CONNECTION": "database",
2025-Nov-04 10:06:34.819693
"REDIS_CLIENT": "phpredis",
2025-Nov-04 10:06:34.819693
"REDIS_HOST": "127.0.0.1",
2025-Nov-04 10:06:34.819693
"REDIS_PASSWORD": "null",
2025-Nov-04 10:06:34.819693
"REDIS_PORT": "6379",
2025-Nov-04 10:06:34.819693
"SESSION_DOMAIN": "null",
2025-Nov-04 10:06:34.819693
"SESSION_DRIVER": "database",
2025-Nov-04 10:06:34.819693
"SESSION_ENCRYPT": "false",
2025-Nov-04 10:06:34.819693
"SESSION_LIFETIME": "120",
2025-Nov-04 10:06:34.819693
"SESSION_PATH": "\/",
2025-Nov-04 10:06:34.819693
"TELEGRAM_BOT_TOKEN": "7806251613:AAEcedPSxTCib13YFagNqhasr01l6nGrQq8",
2025-Nov-04 10:06:34.819693
"VITE_APP_NAME": "${APP_NAME}"
2025-Nov-04 10:06:34.819693
},
2025-Nov-04 10:06:34.819693
"staticAssets": {
2025-Nov-04 10:06:34.819693
"nginx.template.conf": "user www-data www-data;\nworker_processes 5;\ndaemon off;\n\nworker_rlimit_nofile 8192;\n\nevents {\n  worker_connections  4096;\n}\n\nhttp {\n    include    $!{nginx}\/conf\/mime.types;\n    index    index.html index.htm index.php;\n\n    default_type application\/octet-stream;\n    log_format   main '$remote_addr - $remote_user [$time_local]  $status '\n        '\"$request\" $body_bytes_sent \"$http_referer\" '\n        '\"$http_user_agent\" \"$http_x_forwarded_for\"';\n    access_log \/var\/log\/nginx-access.log;\n    error_log \/var\/log\/nginx-error.log;\n    sendfile     on;\n    tcp_nopush   on;\n\n    server {\n        listen ${PORT};\n        listen [::]:${PORT};\n        server_name localhost;\n\n        root \/app;\n\n        add_header X-Content-Type-Options \"nosniff\";\n        client_max_body_size 35M;\n        index index.php;\n        charset utf-8;\n\n        location \/ {\n            try_files $uri $uri\/ \/index.php?$query_string;\n        }\n\n        location = \/favicon.ico { access_log off; log_not_found off; }\n        location = \/robots.txt  { access_log off; log_not_found off; }\n\n        error_page 404 \/index.php;\n\n        location ~ \\.php$ {\n            fastcgi_pass 127.0.0.1:9000;\n            fastcgi_param SCRIPT_FILENAME $realpath_root$fastcgi_script_name;\n            include $!{nginx}\/conf\/fastcgi_params;\n            include $!{nginx}\/conf\/fastcgi.conf;\n        }\n\n        location ~ \/\\.(?!well-known).* {\n            deny all;\n        }\n    }\n}\n",
2025-Nov-04 10:06:34.819693
"php-fpm.conf": "[www]\nlisten = 127.0.0.1:9000\nuser = www-data\ngroup = www-data\nlisten.owner = www-data\nlisten.group = www-data\npm = dynamic\npm.max_children = 50\npm.min_spare_servers = 4\npm.max_spare_servers = 32\npm.start_servers = 18\nclear_env = no\nphp_admin_value[post_max_size] = 35M\nphp_admin_value[upload_max_filesize] = 30M\n",
2025-Nov-04 10:06:34.819693
"scripts\/config\/template.mjs": "import { readFile, writeFile } from \"fs\/promises\";\nimport { getNixPath } from \"..\/util\/nix.mjs\";\n\nconst replaceStr = input =>\n    input\n        \/\/ If statements\n        .replaceAll(\/\\$if\\s*\\((\\w+)\\)\\s*\\(([^]*?)\\)\\s*else\\s*\\(([^]*?)\\)\/gm,\n            (_all, condition, value, otherwise) =>\n                process.env[condition] ? replaceStr(value) : replaceStr(otherwise)\n        )\n        \/\/ Variables\n        .replaceAll(\/\\${(\\w+)}\/g,\n            (_all, name) => process.env[name]\n        )\n        \/\/ Nix paths\n        .replaceAll(\/\\$!{(\\w+)}\/g,\n            (_all, exe) => getNixPath(exe)\n        )\n\nexport async function compileTemplate(infile, outfile) {\n    await writeFile(outfile,\n        replaceStr(await readFile(infile, { encoding: 'utf8' })),\n        { encoding: 'utf8' })\n}\n",
2025-Nov-04 10:06:34.819693
"scripts\/prestart.mjs": "#!\/usr\/bin\/env node\nimport { compileTemplate } from \".\/config\/template.mjs\";\nimport { e } from \".\/util\/cmd.mjs\";\nimport { checkEnvErrors, isLaravel } from \".\/util\/laravel.mjs\";\nimport Logger from \".\/util\/logger.mjs\";\nimport { access, constants } from 'node:fs\/promises'\n\nconst prestartLogger = new Logger('prestart');\nconst serverLogger = new Logger('server');\n\nif (process.argv.length != 4) {\n    prestartLogger.error(`Usage: ${process.argv[1]} <config-file> <output-file>`)\n    process.exit(1);\n}\n\nawait Promise.all([\n    isLaravel() ? checkEnvErrors('\/app') : Promise.resolve(),\n    access('\/app\/storage', constants.R_OK)\n        .then(() => e('chmod -R ugo+rw \/app\/storage'))\n        .catch(() => {}),\n    compileTemplate(process.argv[2], process.argv[3])\n]).catch(err => prestartLogger.error(err));\n\nserverLogger.info(`Server starting on port ${process.env.PORT}`)\n",
2025-Nov-04 10:06:34.819693
"scripts\/util\/cmd.mjs": "import { execSync } from \"child_process\";\n\nexport const e = cmd => execSync(cmd).toString().replace('\\n', '');",
2025-Nov-04 10:06:34.819693
"scripts\/util\/laravel.mjs": "import Logger from \".\/logger.mjs\"\nimport * as fs from 'node:fs\/promises'\nimport * as path from 'node:path'\n\nconst variableHints = {\n    'APP_ENV': 'You should probably set this to `production`.'\n};\n\nconst logger = new Logger('laravel');\n\nexport const isLaravel = () => process.env['IS_LARAVEL'] != null;\n\nfunction checkVariable(name) {\n    if (!process.env[name]) {\n        let hint =\n            `Your app configuration references the ${name} environment variable, but it is not set.`\n            + (variableHints[name] ?? '');\n\n        logger.warn(hint);\n    }\n}\n\nexport async function checkEnvErrors(srcdir) {\n    const envRegex = \/env\\([\"']([^,]*)[\"']\\)\/g;\n    const configDir = path.join(srcdir, 'config');\n\n    const config =\n        (await Promise.all(\n            (await fs.readdir(configDir))\n                .filter(fileName => fileName.endsWith('.php'))\n                .map(fileName => fs.readFile(path.join(configDir, fileName)))\n        )).join('');\n\n    for (const match of config.matchAll(envRegex)) {\n        if (match[1] != 'APP_KEY') checkVariable(match[1]);\n    }\n\n    if (!process.env.APP_KEY) {\n        logger.warn('Your app key is not set! Please set a random 32-character string in your APP_KEY environment variable. This can be easily generated with `openssl rand -hex 16`.');\n    }\n}\n",
2025-Nov-04 10:06:34.819693
"scripts\/util\/logger.mjs": "export default class Logger {\n    \/** @type string *\/\n    #tag;\n\n    \/**\n    * @param {string} tag\n    *\/\n    constructor(tag) {\n        this.#tag = tag\n    }\n\n    #log(color, messageType, message, fn = console.log) {\n        fn(`\\x1b[${color}m[${this.#tag}:${messageType}]\\x1b[0m ${message}`)\n    }\n\n    info(message) {\n        this.#log(34, 'info', message)\n    }\n\n    warn(message) {\n        this.#log(35, 'warn', message, console.warn)\n    }\n\n    error(message) {\n        this.#log(31, 'error', message, console.error)\n    }\n}\n",
2025-Nov-04 10:06:34.819693
"scripts\/util\/nix.mjs": "import { e } from \".\/cmd.mjs\";\n\nexport const getNixPath = (exe) => e(`nix-store -q ${e(`which ${exe}`)}`);\n",
2025-Nov-04 10:06:34.819693
"start.sh": "#!\/bin\/bash\nset -e\n\n# \u0625\u0639\u062f\u0627\u062f nginx\nnode \/assets\/scripts\/prestart.mjs \/assets\/nginx.template.conf \/etc\/nginx.conf\n\n# \u0628\u062f\u0621 supervisor\nsupervisord -c \/etc\/supervisord.conf -n\n",
2025-Nov-04 10:06:34.819693
"supervisord.conf": "[unix_http_server]\nfile=\/assets\/supervisor.sock\n\n[supervisord]\nlogfile=\/var\/log\/supervisord.log\nlogfile_maxbytes=50MB\nlogfile_backups=10\nloglevel=info\npidfile=\/assets\/supervisord.pid\nnodaemon=false\nsilent=false\nminfds=1024\nminprocs=200\n\n[rpcinterface:supervisor]\nsupervisor.rpcinterface_factory = supervisor.rpcinterface:make_main_rpcinterface\n\n[supervisorctl]\nserverurl=unix:\/\/\/assets\/supervisor.sock\n\n[include]\nfiles = \/etc\/supervisor\/conf.d\/*.conf\n",
2025-Nov-04 10:06:34.819693
"worker-laravel.conf": "[program:worker-laravel]\nprocess_name=%(program_name)s_%(process_num)02d\ncommand=bash -c 'exec php \/app\/artisan queue:work --sleep=3 --tries=3 --max-time=3600'\nautostart=true\nautorestart=true\nstopasgroup=true\nkillasgroup=true\nnumprocs=2\nstartsecs=0\nstopwaitsecs=3600\nstdout_logfile=\/var\/log\/worker-laravel.log\nstderr_logfile=\/var\/log\/worker-laravel.log\n",
2025-Nov-04 10:06:34.819693
"worker-nginx.conf": "[program:worker-nginx]\nprocess_name=%(program_name)s_%(process_num)02d\ncommand=nginx -c \/etc\/nginx.conf\nautostart=true\nautorestart=true\nstdout_logfile=\/var\/log\/worker-nginx.log\nstderr_logfile=\/var\/log\/worker-nginx.log\n",
2025-Nov-04 10:06:34.819693
"worker-phpfpm.conf": "[program:worker-phpfpm]\nprocess_name=%(program_name)s_%(process_num)02d\ncommand=php-fpm -y \/assets\/php-fpm.conf -F\nautostart=true\nautorestart=true\nstdout_logfile=\/var\/log\/worker-phpfpm.log\nstderr_logfile=\/var\/log\/worker-phpfpm.log\n"
2025-Nov-04 10:06:34.819693
},
2025-Nov-04 10:06:34.819693
"phases": {
2025-Nov-04 10:06:34.819693
"build": {
2025-Nov-04 10:06:34.819693
"dependsOn": [
2025-Nov-04 10:06:34.819693
"install"
2025-Nov-04 10:06:34.819693
],
2025-Nov-04 10:06:34.819693
"cmds": [
2025-Nov-04 10:06:34.819693
"mkdir -p \/etc\/supervisor\/conf.d\/",
2025-Nov-04 10:06:34.819693
"cp \/assets\/worker-*.conf \/etc\/supervisor\/conf.d\/",
2025-Nov-04 10:06:34.819693
"cp \/assets\/supervisord.conf \/etc\/supervisord.conf",
2025-Nov-04 10:06:34.819693
"chmod +x \/assets\/start.sh",
2025-Nov-04 10:06:34.819693
"composer --version",
2025-Nov-04 10:06:34.819693
"composer install --no-dev --optimize-autoloader",
2025-Nov-04 10:06:34.819693
"npm ci && npm run build"
2025-Nov-04 10:06:34.819693
]
2025-Nov-04 10:06:34.819693
},
2025-Nov-04 10:06:34.819693
"install": {
2025-Nov-04 10:06:34.819693
"dependsOn": [
2025-Nov-04 10:06:34.819693
"setup"
2025-Nov-04 10:06:34.819693
],
2025-Nov-04 10:06:34.819693
"cmds": [
2025-Nov-04 10:06:34.819693
"mkdir -p \/var\/log\/nginx && mkdir -p \/var\/cache\/nginx",
2025-Nov-04 10:06:34.819693
"composer install --ignore-platform-reqs",
2025-Nov-04 10:06:34.819693
"npm i"
2025-Nov-04 10:06:34.819693
]
2025-Nov-04 10:06:34.819693
},
2025-Nov-04 10:06:34.819693
"setup": {
2025-Nov-04 10:06:34.819693
"nixPkgs": [
2025-Nov-04 10:06:34.819693
"php82",
2025-Nov-04 10:06:34.819693
"php82Extensions.mbstring",
2025-Nov-04 10:06:34.819693
"php82Extensions.pdo",
2025-Nov-04 10:06:34.819693
"php82Extensions.pdo_mysql",
2025-Nov-04 10:06:34.819693
"php82Extensions.zip",
2025-Nov-04 10:06:34.819693
"mysql-client",
2025-Nov-04 10:06:34.819693
"composer",
2025-Nov-04 10:06:34.819693
"nodejs_20",
2025-Nov-04 10:06:34.819693
"python311Packages.supervisor"
2025-Nov-04 10:06:34.819693
],
2025-Nov-04 10:06:34.819693
"nixLibs": [
2025-Nov-04 10:06:34.819693
"libmysqlclient"
2025-Nov-04 10:06:34.819693
],
2025-Nov-04 10:06:34.819693
"nixOverlays": [
2025-Nov-04 10:06:34.819693
"https:\/\/github.com\/railwayapp\/nix-npm-overlay\/archive\/main.tar.gz"
2025-Nov-04 10:06:34.819693
],
2025-Nov-04 10:06:34.819693
"nixpkgsArchive": "e24b4c09e963677b1beea49d411cd315a024ad3a",
2025-Nov-04 10:06:34.819693
"aptPkgs": [
2025-Nov-04 10:06:34.819693
"curl",
2025-Nov-04 10:06:34.819693
"wget"
2025-Nov-04 10:06:34.819693
]
2025-Nov-04 10:06:34.819693
}
2025-Nov-04 10:06:34.819693
},
2025-Nov-04 10:06:34.819693
"start": {
2025-Nov-04 10:06:34.819693
"cmd": "\/assets\/start.sh"
2025-Nov-04 10:06:34.819693
}
2025-Nov-04 10:06:34.819693
}
2025-Nov-04 10:06:35.424529
----------------------------------------
2025-Nov-04 10:06:35.433560
⚠️ Build-time environment variable warning: APP_ENV=local
2025-Nov-04 10:06:35.441048
Affects: Laravel/Symfony
2025-Nov-04 10:06:35.448519
Issue: May affect dependency installation and build optimizations
2025-Nov-04 10:06:35.456802
Recommendation: Consider using "local" or "development" for build
2025-Nov-04 10:06:35.464401
2025-Nov-04 10:06:35.472381
💡 Tips to resolve build issues:
2025-Nov-04 10:06:35.481942
1. Set these variables as "Runtime only" in the environment variables settings
2025-Nov-04 10:06:35.491306
2. Use different values for build-time (e.g., NODE_ENV=development for build)
2025-Nov-04 10:06:35.500302
3. Consider using multi-stage Docker builds to separate build and runtime environments
2025-Nov-04 10:06:35.522891
----------------------------------------
2025-Nov-04 10:06:35.533882
Building docker image started.
2025-Nov-04 10:06:35.543227
To check the current progress, click on Show Debug Logs.
2025-Nov-04 10:06:35.964165
[CMD]: docker exec iok0gwc4k4go8okw0wsggsww bash -c 'nixpacks build -c /artifacts/thegameplan.json --cache-key 'wcs80wo0wsscg8c4gooc8w4o' --no-error-without-start -n wcs80wo0wsscg8c4gooc8w4o:0b9d876cad271fb9e8fe386ecd7d67cc98c3fb03 /artifacts/iok0gwc4k4go8okw0wsggsww -o /artifacts/iok0gwc4k4go8okw0wsggsww'
2025-Nov-04 10:06:35.964165
2025-Nov-04 10:06:35.964165
╔══════════════════════════════ Nixpacks v1.40.0 ══════════════════════════════╗
2025-Nov-04 10:06:35.964165
║ setup      │ php82, php82Extensions.mbstring, php82Extensions.pdo,           ║
2025-Nov-04 10:06:35.964165
║            │ php82Extensions.pdo_mysql, php82Extensions.zip, mysql-client,   ║
2025-Nov-04 10:06:35.964165
║            │ composer, nodejs_20, python311Packages.supervisor, curl, wget   ║
2025-Nov-04 10:06:35.964165
║──────────────────────────────────────────────────────────────────────────────║
2025-Nov-04 10:06:35.964165
║ install    │ mkdir -p /var/log/nginx && mkdir -p /var/cache/nginx            ║
2025-Nov-04 10:06:35.964165
║            │ composer install --ignore-platform-reqs                         ║
2025-Nov-04 10:06:35.964165
║            │ npm i                                                           ║
2025-Nov-04 10:06:35.964165
║──────────────────────────────────────────────────────────────────────────────║
2025-Nov-04 10:06:35.964165
║ build      │ mkdir -p /etc/supervisor/conf.d/                                ║
2025-Nov-04 10:06:35.964165
║            │ cp /assets/worker-*.conf /etc/supervisor/conf.d/                ║
2025-Nov-04 10:06:35.964165
║            │ cp /assets/supervisord.conf /etc/supervisord.conf               ║
2025-Nov-04 10:06:35.964165
║            │ chmod +x /assets/start.sh                                       ║
2025-Nov-04 10:06:35.964165
║            │ composer --version                                              ║
2025-Nov-04 10:06:35.964165
║            │ composer install --no-dev --optimize-autoloader                 ║
2025-Nov-04 10:06:35.964165
║            │ npm ci && npm run build                                         ║
2025-Nov-04 10:06:35.964165
║──────────────────────────────────────────────────────────────────────────────║
2025-Nov-04 10:06:35.964165
║ start      │ /assets/start.sh                                                ║
2025-Nov-04 10:06:35.964165
╚══════════════════════════════════════════════════════════════════════════════╝
2025-Nov-04 10:06:35.969441
Saved output to:
2025-Nov-04 10:06:35.969441
/artifacts/iok0gwc4k4go8okw0wsggsww
2025-Nov-04 10:06:36.146274
[CMD]: docker exec iok0gwc4k4go8okw0wsggsww bash -c 'cat /artifacts/iok0gwc4k4go8okw0wsggsww/.nixpacks/Dockerfile'
2025-Nov-04 10:06:36.146274
FROM ghcr.io/railwayapp/nixpacks:ubuntu-1745885067
2025-Nov-04 10:06:36.146274
2025-Nov-04 10:06:36.146274
ENTRYPOINT ["/bin/bash", "-l", "-c"]
2025-Nov-04 10:06:36.146274
WORKDIR /app/
2025-Nov-04 10:06:36.146274
2025-Nov-04 10:06:36.146274
2025-Nov-04 10:06:36.146274
COPY .nixpacks/nixpkgs-e24b4c09e963677b1beea49d411cd315a024ad3a.nix .nixpacks/nixpkgs-e24b4c09e963677b1beea49d411cd315a024ad3a.nix
2025-Nov-04 10:06:36.146274
RUN nix-env -if .nixpacks/nixpkgs-e24b4c09e963677b1beea49d411cd315a024ad3a.nix && nix-collect-garbage -d
2025-Nov-04 10:06:36.146274
RUN sudo apt-get update && sudo apt-get install -y --no-install-recommends curl wget
2025-Nov-04 10:06:36.146274
COPY .nixpacks/assets /assets/
2025-Nov-04 10:06:36.146274
ARG APP_DEBUG APP_ENV APP_FAKER_LOCALE APP_FALLBACK_LOCALE APP_KEY APP_LOCALE APP_MAINTENANCE_DRIVER APP_NAME APP_TIMEZONE APP_URL AWS_ACCESS_KEY_ID AWS_BUCKET AWS_DEFAULT_REGION AWS_SECRET_ACCESS_KEY AWS_USE_PATH_STYLE_ENDPOINT BCRYPT_ROUNDS BROADCAST_CONNECTION CACHE_PREFIX CACHE_STORE COOLIFY_BRANCH COOLIFY_CONTAINER_NAME COOLIFY_FQDN COOLIFY_RESOURCE_UUID COOLIFY_URL DB_CONNECTION DB_DATABASE DB_HOST DB_PASSWORD DB_PORT DB_USERNAME FILESYSTEM_DISK GOOGLE_DRIVE_CLIENT_ID GOOGLE_DRIVE_CLIENT_SECRET GOOGLE_DRIVE_FOLDER_ID GOOGLE_DRIVE_REFRESH_TOKEN IS_LARAVEL LOG_CHANNEL LOG_DEPRECATIONS_CHANNEL LOG_LEVEL LOG_STACK MAIL_ENCRYPTION MAIL_FROM_ADDRESS MAIL_FROM_NAME MAIL_HOST MAIL_MAILER MAIL_PASSWORD MAIL_PORT MAIL_USERNAME MEMCACHED_HOST NIXPACKS_METADATA NIXPACKS_PHP_FALLBACK_PATH NIXPACKS_PHP_ROOT_DIR PORT QUEUE_CONNECTION REDIS_CLIENT REDIS_HOST REDIS_PASSWORD REDIS_PORT SESSION_DOMAIN SESSION_DRIVER SESSION_ENCRYPT SESSION_LIFETIME SESSION_PATH SOURCE_COMMIT TELEGRAM_BOT_TOKEN VITE_APP_NAME
2025-Nov-04 10:06:36.146274
ENV APP_DEBUG=$APP_DEBUG APP_ENV=$APP_ENV APP_FAKER_LOCALE=$APP_FAKER_LOCALE APP_FALLBACK_LOCALE=$APP_FALLBACK_LOCALE APP_KEY=$APP_KEY APP_LOCALE=$APP_LOCALE APP_MAINTENANCE_DRIVER=$APP_MAINTENANCE_DRIVER APP_NAME=$APP_NAME APP_TIMEZONE=$APP_TIMEZONE APP_URL=$APP_URL AWS_ACCESS_KEY_ID=$AWS_ACCESS_KEY_ID AWS_BUCKET=$AWS_BUCKET AWS_DEFAULT_REGION=$AWS_DEFAULT_REGION AWS_SECRET_ACCESS_KEY=$AWS_SECRET_ACCESS_KEY AWS_USE_PATH_STYLE_ENDPOINT=$AWS_USE_PATH_STYLE_ENDPOINT BCRYPT_ROUNDS=$BCRYPT_ROUNDS BROADCAST_CONNECTION=$BROADCAST_CONNECTION CACHE_PREFIX=$CACHE_PREFIX CACHE_STORE=$CACHE_STORE COOLIFY_BRANCH=$COOLIFY_BRANCH COOLIFY_CONTAINER_NAME=$COOLIFY_CONTAINER_NAME COOLIFY_FQDN=$COOLIFY_FQDN COOLIFY_RESOURCE_UUID=$COOLIFY_RESOURCE_UUID COOLIFY_URL=$COOLIFY_URL DB_CONNECTION=$DB_CONNECTION DB_DATABASE=$DB_DATABASE DB_HOST=$DB_HOST DB_PASSWORD=$DB_PASSWORD DB_PORT=$DB_PORT DB_USERNAME=$DB_USERNAME FILESYSTEM_DISK=$FILESYSTEM_DISK GOOGLE_DRIVE_CLIENT_ID=$GOOGLE_DRIVE_CLIENT_ID GOOGLE_DRIVE_CLIENT_SECRET=$GOOGLE_DRIVE_CLIENT_SECRET GOOGLE_DRIVE_FOLDER_ID=$GOOGLE_DRIVE_FOLDER_ID GOOGLE_DRIVE_REFRESH_TOKEN=$GOOGLE_DRIVE_REFRESH_TOKEN IS_LARAVEL=$IS_LARAVEL LOG_CHANNEL=$LOG_CHANNEL LOG_DEPRECATIONS_CHANNEL=$LOG_DEPRECATIONS_CHANNEL LOG_LEVEL=$LOG_LEVEL LOG_STACK=$LOG_STACK MAIL_ENCRYPTION=$MAIL_ENCRYPTION MAIL_FROM_ADDRESS=$MAIL_FROM_ADDRESS MAIL_FROM_NAME=$MAIL_FROM_NAME MAIL_HOST=$MAIL_HOST MAIL_MAILER=$MAIL_MAILER MAIL_PASSWORD=$MAIL_PASSWORD MAIL_PORT=$MAIL_PORT MAIL_USERNAME=$MAIL_USERNAME MEMCACHED_HOST=$MEMCACHED_HOST NIXPACKS_METADATA=$NIXPACKS_METADATA NIXPACKS_PHP_FALLBACK_PATH=$NIXPACKS_PHP_FALLBACK_PATH NIXPACKS_PHP_ROOT_DIR=$NIXPACKS_PHP_ROOT_DIR PORT=$PORT QUEUE_CONNECTION=$QUEUE_CONNECTION REDIS_CLIENT=$REDIS_CLIENT REDIS_HOST=$REDIS_HOST REDIS_PASSWORD=$REDIS_PASSWORD REDIS_PORT=$REDIS_PORT SESSION_DOMAIN=$SESSION_DOMAIN SESSION_DRIVER=$SESSION_DRIVER SESSION_ENCRYPT=$SESSION_ENCRYPT SESSION_LIFETIME=$SESSION_LIFETIME SESSION_PATH=$SESSION_PATH SOURCE_COMMIT=$SOURCE_COMMIT TELEGRAM_BOT_TOKEN=$TELEGRAM_BOT_TOKEN VITE_APP_NAME=$VITE_APP_NAME
2025-Nov-04 10:06:36.146274
2025-Nov-04 10:06:36.146274
# setup phase
2025-Nov-04 10:06:36.146274
# noop
2025-Nov-04 10:06:36.146274
2025-Nov-04 10:06:36.146274
# install phase
2025-Nov-04 10:06:36.146274
COPY . /app/.
2025-Nov-04 10:06:36.146274
RUN  mkdir -p /var/log/nginx && mkdir -p /var/cache/nginx
2025-Nov-04 10:06:36.146274
RUN  composer install --ignore-platform-reqs
2025-Nov-04 10:06:36.146274
RUN  npm i
2025-Nov-04 10:06:36.146274
2025-Nov-04 10:06:36.146274
# build phase
2025-Nov-04 10:06:36.146274
COPY . /app/.
2025-Nov-04 10:06:36.146274
RUN  mkdir -p /etc/supervisor/conf.d/
2025-Nov-04 10:06:36.146274
RUN  cp /assets/worker-*.conf /etc/supervisor/conf.d/
2025-Nov-04 10:06:36.146274
RUN  cp /assets/supervisord.conf /etc/supervisord.conf
2025-Nov-04 10:06:36.146274
RUN  chmod +x /assets/start.sh
2025-Nov-04 10:06:36.146274
RUN  composer --version
2025-Nov-04 10:06:36.146274
RUN  composer install --no-dev --optimize-autoloader
2025-Nov-04 10:06:36.146274
RUN  npm ci && npm run build
2025-Nov-04 10:06:36.146274
2025-Nov-04 10:06:36.146274
2025-Nov-04 10:06:36.146274
2025-Nov-04 10:06:36.146274
2025-Nov-04 10:06:36.146274
2025-Nov-04 10:06:36.146274
# start
2025-Nov-04 10:06:36.146274
COPY . /app
2025-Nov-04 10:06:36.146274
2025-Nov-04 10:06:36.146274
CMD ["/assets/start.sh"]
2025-Nov-04 10:06:36.493389
[CMD]: docker exec iok0gwc4k4go8okw0wsggsww bash -c 'cat /artifacts/build.sh'
2025-Nov-04 10:06:36.493389
docker build --add-host coolify:10.0.1.5 --add-host coolify-db:10.0.1.3 --add-host coolify-realtime:10.0.1.4 --add-host coolify-redis:10.0.1.2 --add-host phpmyadmin-gko8s4gcg8s84okk0ocswcwo:10.0.1.13 --add-host phpmyadmin-lskwg448ko004cwo0cowkg8o:10.0.1.8 --add-host qgo8w4kg0gocs0kwgg40oscg:10.0.1.18 --add-host r408gccw8ockswg8gcos48gw:10.0.1.7 --network host -f /artifacts/iok0gwc4k4go8okw0wsggsww/.nixpacks/Dockerfile --progress plain -t wcs80wo0wsscg8c4gooc8w4o:0b9d876cad271fb9e8fe386ecd7d67cc98c3fb03 --build-arg COOLIFY_BRANCH='deploy' --build-arg COOLIFY_CONTAINER_NAME='wcs80wo0wsscg8c4gooc8w4o-100629203700' --build-arg COOLIFY_FQDN='ihec.hlm.one' --build-arg COOLIFY_RESOURCE_UUID='wcs80wo0wsscg8c4gooc8w4o' --build-arg COOLIFY_URL='https://ihec.hlm.one' --build-arg IS_LARAVEL='yes' --build-arg NIXPACKS_METADATA='php' --build-arg NIXPACKS_PHP_FALLBACK_PATH='/index.php' --build-arg NIXPACKS_PHP_ROOT_DIR='/app/public' --build-arg PORT='80' --build-arg SOURCE_COMMIT='0b9d876cad271fb9e8fe386ecd7d67cc98c3fb03' --build-arg APP_DEBUG='false' --build-arg APP_ENV='local' --build-arg APP_FAKER_LOCALE='en_US' --build-arg APP_FALLBACK_LOCALE='en' --build-arg APP_KEY='base64:qCLtpkyDCouhUOV86Uj/MQzEPsiWZu5D4/4X5TPSL3A=' --build-arg APP_LOCALE='en' --build-arg APP_MAINTENANCE_DRIVER='file' --build-arg APP_NAME='MsarERP' --build-arg APP_TIMEZONE='Asia/Baghdad' --build-arg APP_URL='https://ihec.hlm.one' --build-arg AWS_ACCESS_KEY_ID='' --build-arg AWS_BUCKET='' --build-arg AWS_DEFAULT_REGION='us-east-1' --build-arg AWS_SECRET_ACCESS_KEY='' --build-arg AWS_USE_PATH_STYLE_ENDPOINT='false' --build-arg BCRYPT_ROUNDS='12' --build-arg BROADCAST_CONNECTION='log' --build-arg CACHE_PREFIX='' --build-arg CACHE_STORE='database' --build-arg DB_CONNECTION='mysql' --build-arg DB_DATABASE='msar-test' --build-arg DB_HOST='r408gccw8ockswg8gcos48gw' --build-arg DB_PASSWORD='E5GglQmVFNp2Ku2UEDaVrbs96q4vRTaw7batrNjQwzEMMt1FjDTUO2rt4wnrsYn9' --build-arg DB_PORT='3306' --build-arg DB_USERNAME='root' --build-arg FILESYSTEM_DISK='local' --build-arg GOOGLE_DRIVE_CLIENT_ID='109553529594512233314' --build-arg GOOGLE_DRIVE_CLIENT_SECRET='' --build-arg GOOGLE_DRIVE_FOLDER_ID='1wJCaCXoyniJUwyPEQi9qQCunkOHJO2ON' --build-arg GOOGLE_DRIVE_REFRESH_TOKEN='' --build-arg LOG_CHANNEL='stack' --build-arg LOG_DEPRECATIONS_CHANNEL='null' --build-arg LOG_LEVEL='debug' --build-arg LOG_STACK='single' --build-arg MAIL_ENCRYPTION='null' --build-arg MAIL_FROM_ADDRESS='hello@example.com' --build-arg MAIL_FROM_NAME='${APP_NAME}' --build-arg MAIL_HOST='127.0.0.1' --build-arg MAIL_MAILER='log' --build-arg MAIL_PASSWORD='null' --build-arg MAIL_PORT='2525' --build-arg MAIL_USERNAME='null' --build-arg MEMCACHED_HOST='127.0.0.1' --build-arg QUEUE_CONNECTION='database' --build-arg REDIS_CLIENT='phpredis' --build-arg REDIS_HOST='127.0.0.1' --build-arg REDIS_PASSWORD='null' --build-arg REDIS_PORT='6379' --build-arg SESSION_DOMAIN='null' --build-arg SESSION_DRIVER='database' --build-arg SESSION_ENCRYPT='false' --build-arg SESSION_LIFETIME='120' --build-arg SESSION_PATH='/' --build-arg TELEGRAM_BOT_TOKEN='7806251613:AAEcedPSxTCib13YFagNqhasr01l6nGrQq8' --build-arg VITE_APP_NAME='${APP_NAME}' --build-arg COOLIFY_BUILD_SECRETS_HASH=993a0ae0fa6e125d2e108937cd06d9c950cf9d5fb47c963d9f242fe3c1d89472 --build-arg 'COOLIFY_URL=https://ihec.hlm.one' --build-arg 'COOLIFY_FQDN=ihec.hlm.one' --build-arg 'COOLIFY_BRANCH=deploy' --build-arg 'COOLIFY_RESOURCE_UUID=wcs80wo0wsscg8c4gooc8w4o' --build-arg 'COOLIFY_CONTAINER_NAME=wcs80wo0wsscg8c4gooc8w4o-100629203700' /artifacts/iok0gwc4k4go8okw0wsggsww
2025-Nov-04 10:06:36.951672
[CMD]: docker exec iok0gwc4k4go8okw0wsggsww bash -c 'bash /artifacts/build.sh'
2025-Nov-04 10:06:36.951672
#0 building with "default" instance using docker driver
2025-Nov-04 10:06:36.951672
2025-Nov-04 10:06:36.951672
#1 [internal] load build definition from Dockerfile
2025-Nov-04 10:06:36.951672
#1 transferring dockerfile: 4.12kB done
2025-Nov-04 10:06:36.951672
#1 DONE 0.0s
2025-Nov-04 10:06:36.951672
2025-Nov-04 10:06:36.951672
#2 [internal] load metadata for ghcr.io/railwayapp/nixpacks:ubuntu-1745885067
2025-Nov-04 10:06:37.113132
#2 DONE 0.3s
2025-Nov-04 10:06:37.232195
#3 [internal] load .dockerignore
2025-Nov-04 10:06:37.232195
#3 transferring context: 2B done
2025-Nov-04 10:06:37.232195
#3 DONE 0.0s
2025-Nov-04 10:06:37.232195
2025-Nov-04 10:06:37.232195
#4 [ 1/19] FROM ghcr.io/railwayapp/nixpacks:ubuntu-1745885067@sha256:d45c89d80e13d7ad0fd555b5130f22a866d9dd10e861f589932303ef2314c7de
2025-Nov-04 10:06:37.232195
#4 DONE 0.0s
2025-Nov-04 10:06:37.232195
2025-Nov-04 10:06:37.232195
#5 [internal] load build context
2025-Nov-04 10:06:37.232195
#5 transferring context: 2.77MB 0.1s done
2025-Nov-04 10:06:37.379034
#5 DONE 0.1s
2025-Nov-04 10:06:37.379034
2025-Nov-04 10:06:37.379034
#6 [ 2/19] WORKDIR /app/
2025-Nov-04 10:06:37.379034
#6 CACHED
2025-Nov-04 10:06:37.379034
2025-Nov-04 10:06:37.379034
#7 [ 3/19] COPY .nixpacks/nixpkgs-e24b4c09e963677b1beea49d411cd315a024ad3a.nix .nixpacks/nixpkgs-e24b4c09e963677b1beea49d411cd315a024ad3a.nix
2025-Nov-04 10:06:37.379034
#7 DONE 0.0s
2025-Nov-04 10:06:37.379034
2025-Nov-04 10:06:37.379034
#8 [ 4/19] RUN nix-env -if .nixpacks/nixpkgs-e24b4c09e963677b1beea49d411cd315a024ad3a.nix && nix-collect-garbage -d
2025-Nov-04 10:06:37.379034
#8 0.111 unpacking 'https://github.com/NixOS/nixpkgs/archive/e24b4c09e963677b1beea49d411cd315a024ad3a.tar.gz' into the Git cache...
2025-Nov-04 10:07:14.832664
#8 37.56 unpacking 'https://github.com/railwayapp/nix-npm-overlay/archive/main.tar.gz' into the Git cache...
2025-Nov-04 10:07:15.799133
#8 38.53 installing 'e24b4c09e963677b1beea49d411cd315a024ad3a-env'
2025-Nov-04 10:07:16.482895
#8 39.21 error:
2025-Nov-04 10:07:16.482895
#8 39.21        … while calling the 'derivationStrict' builtin
2025-Nov-04 10:07:16.482895
#8 39.21          at <nix/derivation-internal.nix>:37:12:
2025-Nov-04 10:07:16.482895
#8 39.21            36|
2025-Nov-04 10:07:16.482895
#8 39.21            37|   strict = derivationStrict drvAttrs;
2025-Nov-04 10:07:16.482895
#8 39.21              |            ^
2025-Nov-04 10:07:16.482895
#8 39.21            38|
2025-Nov-04 10:07:16.482895
#8 39.21
2025-Nov-04 10:07:16.482895
#8 39.21        … while evaluating derivation 'e24b4c09e963677b1beea49d411cd315a024ad3a-env'
2025-Nov-04 10:07:16.482895
#8 39.21          whose name attribute is located at /nix/store/awsvw44jla0idziiks2zwgzslfd2dczn-source/pkgs/stdenv/generic/make-derivation.nix:336:7
2025-Nov-04 10:07:16.482895
#8 39.21
2025-Nov-04 10:07:16.482895
#8 39.21        … while evaluating attribute 'passAsFile' of derivation 'e24b4c09e963677b1beea49d411cd315a024ad3a-env'
2025-Nov-04 10:07:16.482895
#8 39.21          at /nix/store/awsvw44jla0idziiks2zwgzslfd2dczn-source/pkgs/build-support/trivial-builders/default.nix:60:9:
2025-Nov-04 10:07:16.482895
#8 39.21            59|         inherit buildCommand name;
2025-Nov-04 10:07:16.482895
#8 39.21            60|         passAsFile = [ "buildCommand" ]
2025-Nov-04 10:07:16.482895
#8 39.21              |         ^
2025-Nov-04 10:07:16.482895
#8 39.21            61|           ++ (derivationArgs.passAsFile or [ ]);
2025-Nov-04 10:07:16.482895
#8 39.21
2025-Nov-04 10:07:16.482895
#8 39.21        (stack trace truncated; use '--show-trace' to show the full, detailed trace)
2025-Nov-04 10:07:16.482895
#8 39.21
2025-Nov-04 10:07:16.482895
#8 39.21        error: undefined variable 'composer'
2025-Nov-04 10:07:16.482895
#8 39.21        at /app/.nixpacks/nixpkgs-e24b4c09e963677b1beea49d411cd315a024ad3a.nix:19:9:
2025-Nov-04 10:07:16.482895
#8 39.21            18|         '')
2025-Nov-04 10:07:16.482895
#8 39.21            19|         composer mysql-client nodejs_20 php82 php82Extensions.mbstring php82Extensions.pdo php82Extensions.pdo_mysql php82Extensions.zip python311Packages.supervisor
2025-Nov-04 10:07:16.482895
#8 39.21              |         ^
2025-Nov-04 10:07:16.482895
#8 39.21            20|       ];
2025-Nov-04 10:07:16.973266
#8 ERROR: process "/bin/bash -ol pipefail -c nix-env -if .nixpacks/nixpkgs-e24b4c09e963677b1beea49d411cd315a024ad3a.nix && nix-collect-garbage -d" did not complete successfully: exit code: 1
2025-Nov-04 10:07:16.986573
------
2025-Nov-04 10:07:16.986573
> [ 4/19] RUN nix-env -if .nixpacks/nixpkgs-e24b4c09e963677b1beea49d411cd315a024ad3a.nix && nix-collect-garbage -d:
2025-Nov-04 10:07:16.986573
39.21            61|           ++ (derivationArgs.passAsFile or [ ]);
2025-Nov-04 10:07:16.986573
39.21
2025-Nov-04 10:07:16.986573
39.21        (stack trace truncated; use '--show-trace' to show the full, detailed trace)
2025-Nov-04 10:07:16.986573
39.21
2025-Nov-04 10:07:16.986573
39.21        error: undefined variable 'composer'
2025-Nov-04 10:07:16.986573
39.21        at /app/.nixpacks/nixpkgs-e24b4c09e963677b1beea49d411cd315a024ad3a.nix:19:9:
2025-Nov-04 10:07:16.986573
39.21            18|         '')
2025-Nov-04 10:07:16.986573
39.21            19|         composer mysql-client nodejs_20 php82 php82Extensions.mbstring php82Extensions.pdo php82Extensions.pdo_mysql php82Extensions.zip python311Packages.supervisor
2025-Nov-04 10:07:16.986573
39.21              |         ^
2025-Nov-04 10:07:16.986573
39.21            20|       ];
2025-Nov-04 10:07:16.986573
------
2025-Nov-04 10:07:16.991786
Dockerfile:8
2025-Nov-04 10:07:16.991786
--------------------
2025-Nov-04 10:07:16.991786
6 |
2025-Nov-04 10:07:16.991786
7 |     COPY .nixpacks/nixpkgs-e24b4c09e963677b1beea49d411cd315a024ad3a.nix .nixpacks/nixpkgs-e24b4c09e963677b1beea49d411cd315a024ad3a.nix
2025-Nov-04 10:07:16.991786
8 | >>> RUN nix-env -if .nixpacks/nixpkgs-e24b4c09e963677b1beea49d411cd315a024ad3a.nix && nix-collect-garbage -d
2025-Nov-04 10:07:16.991786
9 |     RUN sudo apt-get update && sudo apt-get install -y --no-install-recommends curl wget
2025-Nov-04 10:07:16.991786
10 |     COPY .nixpacks/assets /assets/
2025-Nov-04 10:07:16.991786
--------------------
2025-Nov-04 10:07:16.991786
ERROR: failed to build: failed to solve: process "/bin/bash -ol pipefail -c nix-env -if .nixpacks/nixpkgs-e24b4c09e963677b1beea49d411cd315a024ad3a.nix && nix-collect-garbage -d" did not complete successfully: exit code: 1
2025-Nov-04 10:07:16.996122
exit status 1
2025-Nov-04 10:07:17.021729
Oops something is not okay, are you okay? 😢
2025-Nov-04 10:07:17.032336
#0 building with "default" instance using docker driver
2025-Nov-04 10:07:17.032336
2025-Nov-04 10:07:17.032336
#1 [internal] load build definition from Dockerfile
2025-Nov-04 10:07:17.032336
#1 transferring dockerfile: 4.12kB done
2025-Nov-04 10:07:17.032336
#1 DONE 0.0s
2025-Nov-04 10:07:17.032336
2025-Nov-04 10:07:17.032336
#2 [internal] load metadata for ghcr.io/railwayapp/nixpacks:ubuntu-1745885067
2025-Nov-04 10:07:17.032336
#2 DONE 0.3s
2025-Nov-04 10:07:17.032336
2025-Nov-04 10:07:17.032336
#3 [internal] load .dockerignore
2025-Nov-04 10:07:17.032336
#3 transferring context: 2B done
2025-Nov-04 10:07:17.032336
#3 DONE 0.0s
2025-Nov-04 10:07:17.032336
2025-Nov-04 10:07:17.032336
#4 [ 1/19] FROM ghcr.io/railwayapp/nixpacks:ubuntu-1745885067@sha256:d45c89d80e13d7ad0fd555b5130f22a866d9dd10e861f589932303ef2314c7de
2025-Nov-04 10:07:17.032336
#4 DONE 0.0s
2025-Nov-04 10:07:17.032336
2025-Nov-04 10:07:17.032336
#5 [internal] load build context
2025-Nov-04 10:07:17.032336
#5 transferring context: 2.77MB 0.1s done
2025-Nov-04 10:07:17.032336
#5 DONE 0.1s
2025-Nov-04 10:07:17.032336
2025-Nov-04 10:07:17.032336
#6 [ 2/19] WORKDIR /app/
2025-Nov-04 10:07:17.032336
#6 CACHED
2025-Nov-04 10:07:17.032336
2025-Nov-04 10:07:17.032336
#7 [ 3/19] COPY .nixpacks/nixpkgs-e24b4c09e963677b1beea49d411cd315a024ad3a.nix .nixpacks/nixpkgs-e24b4c09e963677b1beea49d411cd315a024ad3a.nix
2025-Nov-04 10:07:17.032336
#7 DONE 0.0s
2025-Nov-04 10:07:17.032336
2025-Nov-04 10:07:17.032336
#8 [ 4/19] RUN nix-env -if .nixpacks/nixpkgs-e24b4c09e963677b1beea49d411cd315a024ad3a.nix && nix-collect-garbage -d
2025-Nov-04 10:07:17.032336
#8 0.111 unpacking 'https://github.com/NixOS/nixpkgs/archive/e24b4c09e963677b1beea49d411cd315a024ad3a.tar.gz' into the Git cache...
2025-Nov-04 10:07:17.032336
#8 37.56 unpacking 'https://github.com/railwayapp/nix-npm-overlay/archive/main.tar.gz' into the Git cache...
2025-Nov-04 10:07:17.032336
#8 38.53 installing 'e24b4c09e963677b1beea49d411cd315a024ad3a-env'
2025-Nov-04 10:07:17.032336
#8 39.21 error:
2025-Nov-04 10:07:17.032336
#8 39.21        … while calling the 'derivationStrict' builtin
2025-Nov-04 10:07:17.032336
#8 39.21          at <nix/derivation-internal.nix>:37:12:
2025-Nov-04 10:07:17.032336
#8 39.21            36|
2025-Nov-04 10:07:17.032336
#8 39.21            37|   strict = derivationStrict drvAttrs;
2025-Nov-04 10:07:17.032336
#8 39.21              |            ^
2025-Nov-04 10:07:17.032336
#8 39.21            38|
2025-Nov-04 10:07:17.032336
#8 39.21
2025-Nov-04 10:07:17.032336
#8 39.21        … while evaluating derivation 'e24b4c09e963677b1beea49d411cd315a024ad3a-env'
2025-Nov-04 10:07:17.032336
#8 39.21          whose name attribute is located at /nix/store/awsvw44jla0idziiks2zwgzslfd2dczn-source/pkgs/stdenv/generic/make-derivation.nix:336:7
2025-Nov-04 10:07:17.032336
#8 39.21
2025-Nov-04 10:07:17.032336
#8 39.21        … while evaluating attribute 'passAsFile' of derivation 'e24b4c09e963677b1beea49d411cd315a024ad3a-env'
2025-Nov-04 10:07:17.032336
#8 39.21          at /nix/store/awsvw44jla0idziiks2zwgzslfd2dczn-source/pkgs/build-support/trivial-builders/default.nix:60:9:
2025-Nov-04 10:07:17.032336
#8 39.21            59|         inherit buildCommand name;
2025-Nov-04 10:07:17.032336
#8 39.21            60|         passAsFile = [ "buildCommand" ]
2025-Nov-04 10:07:17.032336
#8 39.21              |         ^
2025-Nov-04 10:07:17.032336
#8 39.21            61|           ++ (derivationArgs.passAsFile or [ ]);
2025-Nov-04 10:07:17.032336
#8 39.21
2025-Nov-04 10:07:17.032336
#8 39.21        (stack trace truncated; use '--show-trace' to show the full, detailed trace)
2025-Nov-04 10:07:17.032336
#8 39.21
2025-Nov-04 10:07:17.032336
#8 39.21        error: undefined variable 'composer'
2025-Nov-04 10:07:17.032336
#8 39.21        at /app/.nixpacks/nixpkgs-e24b4c09e963677b1beea49d411cd315a024ad3a.nix:19:9:
2025-Nov-04 10:07:17.032336
#8 39.21            18|         '')
2025-Nov-04 10:07:17.032336
#8 39.21            19|         composer mysql-client nodejs_20 php82 php82Extensions.mbstring php82Extensions.pdo php82Extensions.pdo_mysql php82Extensions.zip python311Packages.supervisor
2025-Nov-04 10:07:17.032336
#8 39.21              |         ^
2025-Nov-04 10:07:17.032336
#8 39.21            20|       ];
2025-Nov-04 10:07:17.032336
#8 ERROR: process "/bin/bash -ol pipefail -c nix-env -if .nixpacks/nixpkgs-e24b4c09e963677b1beea49d411cd315a024ad3a.nix && nix-collect-garbage -d" did not complete successfully: exit code: 1
2025-Nov-04 10:07:17.032336
------
2025-Nov-04 10:07:17.032336
> [ 4/19] RUN nix-env -if .nixpacks/nixpkgs-e24b4c09e963677b1beea49d411cd315a024ad3a.nix && nix-collect-garbage -d:
2025-Nov-04 10:07:17.032336
39.21            61|           ++ (derivationArgs.passAsFile or [ ]);
2025-Nov-04 10:07:17.032336
39.21
2025-Nov-04 10:07:17.032336
39.21        (stack trace truncated; use '--show-trace' to show the full, detailed trace)
2025-Nov-04 10:07:17.032336
39.21
2025-Nov-04 10:07:17.032336
39.21        error: undefined variable 'composer'
2025-Nov-04 10:07:17.032336
39.21        at /app/.nixpacks/nixpkgs-e24b4c09e963677b1beea49d411cd315a024ad3a.nix:19:9:
2025-Nov-04 10:07:17.032336
39.21            18|         '')
2025-Nov-04 10:07:17.032336
39.21            19|         composer mysql-client nodejs_20 php82 php82Extensions.mbstring php82Extensions.pdo php82Extensions.pdo_mysql php82Extensions.zip python311Packages.supervisor
2025-Nov-04 10:07:17.032336
39.21              |         ^
2025-Nov-04 10:07:17.032336
39.21            20|       ];
2025-Nov-04 10:07:17.032336
------
2025-Nov-04 10:07:17.032336
Dockerfile:8
2025-Nov-04 10:07:17.032336
--------------------
2025-Nov-04 10:07:17.032336
6 |
2025-Nov-04 10:07:17.032336
7 |     COPY .nixpacks/nixpkgs-e24b4c09e963677b1beea49d411cd315a024ad3a.nix .nixpacks/nixpkgs-e24b4c09e963677b1beea49d411cd315a024ad3a.nix
2025-Nov-04 10:07:17.032336
8 | >>> RUN nix-env -if .nixpacks/nixpkgs-e24b4c09e963677b1beea49d411cd315a024ad3a.nix && nix-collect-garbage -d
2025-Nov-04 10:07:17.032336
9 |     RUN sudo apt-get update && sudo apt-get install -y --no-install-recommends curl wget
2025-Nov-04 10:07:17.032336
10 |     COPY .nixpacks/assets /assets/
2025-Nov-04 10:07:17.032336
--------------------
2025-Nov-04 10:07:17.032336
ERROR: failed to build: failed to solve: process "/bin/bash -ol pipefail -c nix-env -if .nixpacks/nixpkgs-e24b4c09e963677b1beea49d411cd315a024ad3a.nix && nix-collect-garbage -d" did not complete successfully: exit code: 1
2025-Nov-04 10:07:17.032336
exit status 1
2025-Nov-04 10:07:17.043622
Deployment failed. Removing the new version of your application.
2025-Nov-04 10:07:17.458300
Gracefully shutting down build container: iok0gwc4k4go8okw0wsggsww
2025-Nov-04 10:07:17.733847
[CMD]: docker stop --time=30 iok0gwc4k4go8okw0wsggsww
2025-Nov-04 10:07:17.733847
iok0gwc4k4go8okw0wsggsww
2025-Nov-04 10:07:17.852595
[CMD]: docker rm -f iok0gwc4k4go8okw0wsggsww
2025-Nov-04 10:07:17.852595
Error response from daemon: No such container: iok0gwc4k4go8okw0wsggsww